# JRE version: Java(TM) SE Runtime Environment (8.0_45-b14) (build 1.8.0_45-b14)
# Java VM: Java HotSpot(TM) 64-Bit Server VM (25.45-b02 mixed mode windows-amd64 compressed oops)
Heap:
 PSYoungGen      total 228864K, used 129833K [0x00000000f0c00000, 0x00000000ffd00000, 0x0000000100000000)
  eden space 210944K, 55% used [0x00000000f0c00000,0x00000000f7e3bc80,0x00000000fda00000)
  from space 17920K, 71% used [0x00000000feb80000,0x00000000ff80e980,0x00000000ffd00000)
  to   space 17920K, 0% used [0x00000000fda00000,0x00000000fda00000,0x00000000feb80000)
 ParOldGen       total 110592K, used 102245K [0x00000000d2400000, 0x00000000d9000000, 0x00000000f0c00000)
  object space 110592K, 92% used [0x00000000d2400000,0x00000000d87d9568,0x00000000d9000000)
 Metaspace       used 114972K, capacity 128106K, committed 128280K, reserved 1161216K
  class space    used 13663K, capacity 17386K, committed 17432K, reserved 1048576K
GC Heap History (10 events):
Event: 6875.150 GC heap before
{Heap before GC invocations=122 (full 4):
 PSYoungGen      total 227840K, used 215884K [0x00000000f0c00000, 0x0000000100000000, 0x0000000100000000)
  eden space 206848K, 100% used [0x00000000f0c00000,0x00000000fd600000,0x00000000fd600000)
  from space 20992K, 43% used [0x00000000fd600000,0x00000000fded3148,0x00000000fea80000)
  to   space 20992K, 0% used [0x00000000feb80000,0x00000000feb80000,0x0000000100000000)
 ParOldGen       total 110592K, used 100589K [0x00000000d2400000, 0x00000000d9000000, 0x00000000f0c00000)
  object space 110592K, 90% used [0x00000000d2400000,0x00000000d863b548,0x00000000d9000000)
 Metaspace       used 114469K, capacity 127574K, committed 127768K, reserved 1159168K
  class space    used 13633K, capacity 17357K, committed 17432K, reserved 1048576K
Event: 6875.194 GC heap after
Heap after GC invocations=122 (full 4):
 PSYoungGen      total 227840K, used 12746K [0x00000000f0c00000, 0x00000000fff00000, 0x0000000100000000)
  eden space 207872K, 0% used [0x00000000f0c00000,0x00000000f0c00000,0x00000000fd700000)
  from space 19968K, 63% used [0x00000000feb80000,0x00000000ff7f2a08,0x00000000fff00000)
  to   space 20480K, 0% used [0x00000000fd700000,0x00000000fd700000,0x00000000feb00000)
 ParOldGen       total 110592K, used 100645K [0x00000000d2400000, 0x00000000d9000000, 0x00000000f0c00000)
  object space 110592K, 91% used [0x00000000d2400000,0x00000000d8649548,0x00000000d9000000)
 Metaspace       used 114469K, capacity 127574K, committed 127768K, reserved 1159168K
  class space    used 13633K, capacity 17357K, committed 17432K, reserved 1048576K
}
Event: 6924.672 GC heap before
{Heap before GC invocations=123 (full 4):
 PSYoungGen      total 227840K, used 220618K [0x00000000f0c00000, 0x00000000fff00000, 0x0000000100000000)
  eden space 207872K, 100% used [0x00000000f0c00000,0x00000000fd700000,0x00000000fd700000)
  from space 19968K, 63% used [0x00000000feb80000,0x00000000ff7f2a08,0x00000000fff00000)
  to   space 20480K, 0% used [0x00000000fd700000,0x00000000fd700000,0x00000000feb00000)
 ParOldGen       total 110592K, used 100645K [0x00000000d2400000, 0x00000000d9000000, 0x00000000f0c00000)
  object space 110592K, 91% used [0x00000000d2400000,0x00000000d8649548,0x00000000d9000000)
 Metaspace       used 114577K, capacity 127742K, committed 128024K, reserved 1159168K
  class space    used 13637K, capacity 17365K, committed 17432K, reserved 1048576K
Event: 6924.722 GC heap after
Heap after GC invocations=123 (full 4):
 PSYoungGen      total 228352K, used 11341K [0x00000000f0c00000, 0x00000000ffe80000, 0x0000000100000000)
  eden space 207872K, 0% used [0x00000000f0c00000,0x00000000f0c00000,0x00000000fd700000)
  from space 20480K, 55% used [0x00000000fd700000,0x00000000fe213788,0x00000000feb00000)
  to   space 19456K, 0% used [0x00000000feb80000,0x00000000feb80000,0x00000000ffe80000)
 ParOldGen       total 110592K, used 101197K [0x00000000d2400000, 0x00000000d9000000, 0x00000000f0c00000)
  object space 110592K, 91% used [0x00000000d2400000,0x00000000d86d3548,0x00000000d9000000)
 Metaspace       used 114577K, capacity 127742K, committed 128024K, reserved 1159168K
  class space    used 13637K, capacity 17365K, committed 17432K, reserved 1048576K
}
Event: 6980.364 GC heap before
{Heap before GC invocations=124 (full 4):
 PSYoungGen      total 228352K, used 219213K [0x00000000f0c00000, 0x00000000ffe80000, 0x0000000100000000)
  eden space 207872K, 100% used [0x00000000f0c00000,0x00000000fd700000,0x00000000fd700000)
  from space 20480K, 55% used [0x00000000fd700000,0x00000000fe213788,0x00000000feb00000)
  to   space 19456K, 0% used [0x00000000feb80000,0x00000000feb80000,0x00000000ffe80000)
 ParOldGen       total 110592K, used 101197K [0x00000000d2400000, 0x00000000d9000000, 0x00000000f0c00000)
  object space 110592K, 91% used [0x00000000d2400000,0x00000000d86d3548,0x00000000d9000000)
 Metaspace       used 114597K, capacity 127752K, committed 128024K, reserved 1159168K
  class space    used 13638K, capacity 17367K, committed 17432K, reserved 1048576K
Event: 6980.412 GC heap after
Heap after GC invocations=124 (full 4):
 PSYoungGen      total 227840K, used 11020K [0x00000000f0c00000, 0x00000000ffd80000, 0x0000000100000000)
  eden space 209408K, 0% used [0x00000000f0c00000,0x00000000f0c00000,0x00000000fd880000)
  from space 18432K, 59% used [0x00000000feb80000,0x00000000ff643148,0x00000000ffd80000)
  to   space 18944K, 0% used [0x00000000fd880000,0x00000000fd880000,0x00000000feb00000)
 ParOldGen       total 110592K, used 101629K [0x00000000d2400000, 0x00000000d9000000, 0x00000000f0c00000)
  object space 110592K, 91% used [0x00000000d2400000,0x00000000d873f568,0x00000000d9000000)
 Metaspace       used 114597K, capacity 127752K, committed 128024K, reserved 1159168K
  class space    used 13638K, capacity 17367K, committed 17432K, reserved 1048576K
}
Event: 7108.716 GC heap before
{Heap before GC invocations=125 (full 4):
 PSYoungGen      total 227840K, used 220428K [0x00000000f0c00000, 0x00000000ffd80000, 0x0000000100000000)
  eden space 209408K, 100% used [0x00000000f0c00000,0x00000000fd880000,0x00000000fd880000)
  from space 18432K, 59% used [0x00000000feb80000,0x00000000ff643148,0x00000000ffd80000)
  to   space 18944K, 0% used [0x00000000fd880000,0x00000000fd880000,0x00000000feb00000)
 ParOldGen       total 110592K, used 101629K [0x00000000d2400000, 0x00000000d9000000, 0x00000000f0c00000)
  object space 110592K, 91% used [0x00000000d2400000,0x00000000d873f568,0x00000000d9000000)
 Metaspace       used 114794K, capacity 127974K, committed 128280K, reserved 1161216K
  class space    used 13656K, capacity 17373K, committed 17432K, reserved 1048576K
Event: 7108.768 GC heap after
Heap after GC invocations=125 (full 4):
 PSYoungGen      total 228352K, used 11185K [0x00000000f0c00000, 0x00000000ffd80000, 0x0000000100000000)
  eden space 209408K, 0% used [0x00000000f0c00000,0x00000000f0c00000,0x00000000fd880000)
  from space 18944K, 59% used [0x00000000fd880000,0x00000000fe36c400,0x00000000feb00000)
  to   space 18432K, 0% used [0x00000000feb80000,0x00000000feb80000,0x00000000ffd80000)
 ParOldGen       total 110592K, used 102021K [0x00000000d2400000, 0x00000000d9000000, 0x00000000f0c00000)
  object space 110592K, 92% used [0x00000000d2400000,0x00000000d87a1568,0x00000000d9000000)
 Metaspace       used 114794K, capacity 127974K, committed 128280K, reserved 1161216K
  class space    used 13656K, capacity 17373K, committed 17432K, reserved 1048576K
}
Event: 7135.839 GC heap before
{Heap before GC invocations=126 (full 4):
 PSYoungGen      total 228352K, used 220593K [0x00000000f0c00000, 0x00000000ffd80000, 0x0000000100000000)
  eden space 209408K, 100% used [0x00000000f0c00000,0x00000000fd880000,0x00000000fd880000)
  from space 18944K, 59% used [0x00000000fd880000,0x00000000fe36c400,0x00000000feb00000)
  to   space 18432K, 0% used [0x00000000feb80000,0x00000000feb80000,0x00000000ffd80000)
 ParOldGen       total 110592K, used 102021K [0x00000000d2400000, 0x00000000d9000000, 0x00000000f0c00000)
  object space 110592K, 92% used [0x00000000d2400000,0x00000000d87a1568,0x00000000d9000000)
 Metaspace       used 114967K, capacity 128106K, committed 128280K, reserved 1161216K
  class space    used 13662K, capacity 17386K, committed 17432K, reserved 1048576K
Event: 7135.896 GC heap after
Heap after GC invocations=126 (full 4):
 PSYoungGen      total 228864K, used 12858K [0x00000000f0c00000, 0x00000000ffd00000, 0x0000000100000000)
  eden space 210944K, 0% used [0x00000000f0c00000,0x00000000f0c00000,0x00000000fda00000)
  from space 17920K, 71% used [0x00000000feb80000,0x00000000ff80e980,0x00000000ffd00000)
  to   space 17920K, 0% used [0x00000000fda00000,0x00000000fda00000,0x00000000feb80000)
 ParOldGen       total 110592K, used 102245K [0x00000000d2400000, 0x00000000d9000000, 0x00000000f0c00000)
  object space 110592K, 92% used [0x00000000d2400000,0x00000000d87d9568,0x00000000d9000000)
 Metaspace       used 114967K, capacity 128106K, committed 128280K, reserved 1161216K
  class space    used 13662K, capacity 17386K, committed 17432K, reserved 1048576K
}

